<?xml version="1.0" encoding="UTF-8"?>
<testng-results ignored="0" total="1" passed="1" failed="0" skipped="0">
  <reporter-output>
  </reporter-output>
  <suite started-at="2023-05-29T16:40:51 IST" name="Default suite" finished-at="2023-05-29T16:41:08 IST" duration-ms="17215">
    <groups>
    </groups>
    <test started-at="2023-05-29T16:40:51 IST" name="Default test" finished-at="2023-05-29T16:41:08 IST" duration-ms="17215">
      <class name="testScripts.SendContactDetailsTest">
        <test-method is-config="true" signature="classConfig()[pri:0, instance:testScripts.SendContactDetailsTest@383bfa16]" started-at="2023-05-29T16:40:51 IST" name="classConfig" finished-at="2023-05-29T16:40:52 IST" duration-ms="470" status="PASS">
          <reporter-output>
          </reporter-output>
        </test-method> <!-- classConfig -->
        <test-method is-config="true" signature="methodConfig()[pri:0, instance:testScripts.SendContactDetailsTest@383bfa16]" started-at="2023-05-29T16:40:52 IST" name="methodConfig" finished-at="2023-05-29T16:41:02 IST" duration-ms="9902" status="PASS">
          <reporter-output>
          </reporter-output>
        </test-method> <!-- methodConfig -->
        <test-method signature="sendContactDetailsTest()[pri:0, instance:testScripts.SendContactDetailsTest@383bfa16]" started-at="2023-05-29T16:41:02 IST" name="sendContactDetailsTest" finished-at="2023-05-29T16:41:08 IST" duration-ms="6484" status="PASS">
          <reporter-output>
          </reporter-output>
        </test-method> <!-- sendContactDetailsTest -->
        <test-method is-config="true" signature="methodTearDown()[pri:0, instance:testScripts.SendContactDetailsTest@383bfa16]" started-at="2023-05-29T16:41:08 IST" name="methodTearDown" finished-at="2023-05-29T16:41:08 IST" duration-ms="335" status="PASS">
          <reporter-output>
          </reporter-output>
        </test-method> <!-- methodTearDown -->
        <test-method is-config="true" signature="classTearDown()[pri:0, instance:testScripts.SendContactDetailsTest@383bfa16]" started-at="2023-05-29T16:41:08 IST" name="classTearDown" finished-at="2023-05-29T16:41:08 IST" duration-ms="0" status="PASS">
          <reporter-output>
          </reporter-output>
        </test-method> <!-- classTearDown -->
      </class> <!-- testScripts.SendContactDetailsTest -->
    </test> <!-- Default test -->
  </suite> <!-- Default suite -->
</testng-results>
